Fetching merged PRs from cerebrotech/domino since 2024-04-01...
  PR #40661: 1 threads saved
  PR #40946: 3 threads saved
  PR #40965: no human review threads, skipping
  PR #40953: no human review threads, skipping
  PR #40889: 2 threads saved
  PR #40727: no human review threads, skipping
  PR #40713: no human review threads, skipping
  PR #40534: 5 threads saved
  PR #41099: no human review threads, skipping
  PR #41109: no human review threads, skipping
  PR #41129: 1 threads saved
  PR #41037: 3 threads saved
  PR #41131: no human review threads, skipping
  PR #41063: 20 threads saved
  PR #41097: 1 threads saved
  PR #41130: no human review threads, skipping
  PR #41114: 1 threads saved
  PR #41090: no human review threads, skipping
  PR #41128: no human review threads, skipping
  PR #41107: no human review threads, skipping
  PR #41125: no human review threads, skipping
  PR #41113: 1 threads saved
  PR #41117: no human review threads, skipping
  PR #41105: no human review threads, skipping
  PR #41103: no human review threads, skipping
  PR #41098: no human review threads, skipping
  PR #41122: no human review threads, skipping
  PR #41118: no human review threads, skipping
  PR #41119: no human review threads, skipping
  PR #41102: no human review threads, skipping
  PR #41108: no human review threads, skipping
  PR #41110: no human review threads, skipping
  PR #41046: 2 threads saved
  PR #41087: no human review threads, skipping
  PR #41007: 2 threads saved
  PR #41070: 2 threads saved
  PR #41092: no human review threads, skipping
  PR #41041: no human review threads, skipping
  PR #41095: 5 threads saved
  PR #41059: no human review threads, skipping
  PR #41079: no human review threads, skipping
  PR #41045: 1 threads saved
  PR #41093: no human review threads, skipping
  PR #41051: no human review threads, skipping
  PR #41086: no human review threads, skipping
  PR #40940: 8 threads saved
  PR #41088: no human review threads, skipping
  PR #41081: no human review threads, skipping
  PR #41047: 2 threads saved
  PR #41072: no human review threads, skipping
  PR #41078: no human review threads, skipping
  PR #41077: no human review threads, skipping
  PR #41068: 1 threads saved
  PR #41058: no human review threads, skipping
  PR #41073: no human review threads, skipping
  PR #41076: 1 threads saved
  PR #41062: no human review threads, skipping
  PR #40505: 14 threads saved
  PR #41054: no human review threads, skipping
  PR #41061: no human review threads, skipping
  PR #41003: 1 threads saved
  PR #41064: no human review threads, skipping
  PR #40962: 2 threads saved
  PR #41056: 5 threads saved
  PR #41052: 1 threads saved
  PR #41023: no human review threads, skipping
  PR #41053: no human review threads, skipping
  PR #41020: no human review threads, skipping
  PR #40978: 12 threads saved
  PR #40970: 3 threads saved
  PR #41027: 2 threads saved
  PR #40995: no human review threads, skipping
  PR #41055: no human review threads, skipping
  PR #41044: no human review threads, skipping
  PR #41042: no human review threads, skipping
  PR #41033: 3 threads saved
  PR #41030: no human review threads, skipping
  PR #41000: 7 threads saved
  PR #40997: no human review threads, skipping
  PR #41048: no human review threads, skipping
  PR #41035: no human review threads, skipping
  PR #41043: no human review threads, skipping
  PR #40993: no human review threads, skipping
  PR #40992: 3 threads saved
  PR #41031: no human review threads, skipping
  PR #41036: 1 threads saved
  PR #40969: 1 threads saved
  PR #40999: 3 threads saved
  PR #41034: no human review threads, skipping
  PR #41015: no human review threads, skipping
  PR #40994: no human review threads, skipping
  PR #41018: no human review threads, skipping
  PR #41026: no human review threads, skipping
  PR #41038: no human review threads, skipping
  PR #40991: 1 threads saved
  PR #40678: 9 threads saved
  PR #40461: 26 threads saved
  PR #41019: no human review threads, skipping
  PR #41010: 5 threads saved
  PR #41024: no human review threads, skipping
  PR #41029: no human review threads, skipping
  PR #41028: no human review threads, skipping
  PR #40892: 9 threads saved
  PR #41017: no human review threads, skipping
  PR #41005: no human review threads, skipping
  PR #41021: 1 threads saved
  PR #40966: 1 threads saved
  PR #41016: no human review threads, skipping
  PR #41012: no human review threads, skipping
  PR #41014: no human review threads, skipping
  PR #41011: no human review threads, skipping
  PR #41013: no human review threads, skipping
  PR #41004: 2 threads saved
  PR #40935: 9 threads saved
  PR #40765: 50 threads saved
  PR #41006: no human review threads, skipping
  PR #40996: no human review threads, skipping
  PR #40948: no human review threads, skipping
  PR #40987: 1 threads saved
  PR #40808: 5 threads saved
  PR #40989: 5 threads saved
  PR #40852: no human review threads, skipping
  PR #40957: 1 threads saved
  PR #40990: no human review threads, skipping
  PR #40950: 4 threads saved
  PR #40985: no human review threads, skipping
  PR #40988: no human review threads, skipping
  PR #40979: no human review threads, skipping
  PR #40986: 1 threads saved
  PR #40964: no human review threads, skipping
  PR #40982: 1 threads saved
  PR #40960: no human review threads, skipping
  PR #40961: 3 threads saved
  PR #40980: no human review threads, skipping
  PR #40971: 3 threads saved
  PR #40900: 31 threads saved
  PR #40974: no human review threads, skipping
  PR #40952: no human review threads, skipping
  PR #40967: 1 threads saved
  PR #40968: no human review threads, skipping
  PR #40938: no human review threads, skipping
  PR #40973: no human review threads, skipping
  PR #40972: no human review threads, skipping
  PR #40917: no human review threads, skipping
  PR #40963: no human review threads, skipping
  PR #40878: 8 threads saved
  PR #40941: 1 threads saved
  PR #40937: no human review threads, skipping
  PR #40807: no human review threads, skipping
  PR #40949: no human review threads, skipping
  PR #40951: no human review threads, skipping
  PR #40784: 18 threads saved
  PR #40939: no human review threads, skipping
  PR #40947: no human review threads, skipping
  PR #40945: no human review threads, skipping
  PR #40884: no human review threads, skipping
  PR #40928: no human review threads, skipping
  PR #40944: no human review threads, skipping
  PR #40906: 1 threads saved
  PR #40943: no human review threads, skipping
  PR #40920: no human review threads, skipping
  PR #40921: no human review threads, skipping
  PR #40869: no human review threads, skipping
  PR #40912: no human review threads, skipping
  PR #40942: no human review threads, skipping
  PR #40888: no human review threads, skipping
  PR #40936: no human review threads, skipping
  PR #40894: no human review threads, skipping
  PR #40914: no human review threads, skipping
  PR #40877: 2 threads saved
  PR #40898: no human review threads, skipping
  PR #40907: no human review threads, skipping
  PR #40932: no human review threads, skipping
  PR #40931: no human review threads, skipping
  PR #40899: no human review threads, skipping
  PR #40918: no human review threads, skipping
  PR #40924: no human review threads, skipping
  PR #40879: 4 threads saved
  PR #40908: 2 threads saved
  PR #40886: no human review threads, skipping
  PR #40883: no human review threads, skipping
  PR #40929: no human review threads, skipping
  PR #40866: no human review threads, skipping
  PR #40915: no human review threads, skipping
  PR #40923: 7 threads saved
  PR #40913: no human review threads, skipping
  PR #40909: no human review threads, skipping
  PR #40893: 3 threads saved
  PR #40810: no human review threads, skipping
  PR #40896: no human review threads, skipping
  PR #40903: no human review threads, skipping
  PR #40891: 1 threads saved
  PR #40919: no human review threads, skipping
  PR #40806: 1 threads saved
  PR #40873: 2 threads saved
  PR #40922: no human review threads, skipping
  PR #40857: no human review threads, skipping
  PR #40846: 3 threads saved
  PR #40905: no human review threads, skipping
  PR #40885: no human review threads, skipping
  PR #40904: no human review threads, skipping
  PR #40874: no human review threads, skipping
  PR #40887: no human review threads, skipping
  PR #40895: no human review threads, skipping
  PR #40871: no human review threads, skipping
  PR #40861: 1 threads saved
  PR #40880: 2 threads saved
  PR #40812: no human review threads, skipping
  PR #40867: 1 threads saved
  PR #40882: no human review threads, skipping
  PR #40775: 2 threads saved
  PR #40848: no human review threads, skipping
  PR #40881: no human review threads, skipping
  PR #40856: no human review threads, skipping
  PR #40826: 4 threads saved
  PR #40858: 1 threads saved
  PR #40839: 3 threads saved
  PR #40865: 4 threads saved
  PR #40863: 1 threads saved
  PR #40829: no human review threads, skipping
  PR #40862: 1 threads saved
  PR #40847: no human review threads, skipping
  PR #40864: no human review threads, skipping
  PR #40818: 1 threads saved
  PR #40850: 8 threads saved
  PR #40821: no human review threads, skipping
  PR #40849: no human review threads, skipping
  PR #40844: no human review threads, skipping
  PR #40789: no human review threads, skipping
  PR #40720: 16 threads saved
  PR #40859: no human review threads, skipping
  PR #40773: 1 threads saved
  PR #40664: 3 threads saved
  PR #40811: no human review threads, skipping
  PR #40845: no human review threads, skipping
  PR #40824: no human review threads, skipping
  PR #40825: no human review threads, skipping
  PR #40855: no human review threads, skipping
  PR #40854: no human review threads, skipping
  PR #40843: no human review threads, skipping
  PR #40794: 21 threads saved
  PR #40813: 1 threads saved
  PR #40851: no human review threads, skipping
  PR #40853: no human review threads, skipping
  PR #40842: no human review threads, skipping
  PR #40803: 8 threads saved
  PR #40802: 3 threads saved
  PR #40832: no human review threads, skipping
  PR #40840: no human review threads, skipping
  PR #40836: 1 threads saved
  PR #40827: 1 threads saved
  PR #40837: no human review threads, skipping
  PR #40310: no human review threads, skipping
  PR #40835: no human review threads, skipping
  PR #40830: 1 threads saved
  PR #40834: no human review threads, skipping
  PR #40828: 2 threads saved
  PR #40791: 3 threads saved
  PR #40819: no human review threads, skipping
  PR #40571: no human review threads, skipping
  PR #40465: no human review threads, skipping
  PR #40814: no human review threads, skipping
  PR #40820: no human review threads, skipping
  PR #40790: 1 threads saved
  PR #40815: no human review threads, skipping
  PR #40823: no human review threads, skipping
  PR #40800: no human review threads, skipping
  PR #40774: 2 threads saved
  PR #40809: no human review threads, skipping
  PR #40798: 1 threads saved
  PR #40697: no human review threads, skipping
  PR #40799: no human review threads, skipping
  PR #40804: no human review threads, skipping
  PR #40797: no human review threads, skipping
  PR #40725: 6 threads saved
  PR #40801: no human review threads, skipping
  PR #40796: 1 threads saved
  PR #40780: 1 threads saved
  PR #40758: 3 threads saved
  PR #40795: no human review threads, skipping
  PR #40793: 1 threads saved
  PR #40768: no human review threads, skipping
  PR #40763: 5 threads saved
  PR #40743: no human review threads, skipping
  PR #40736: 1 threads saved
  PR #40787: no human review threads, skipping
  PR #40760: 11 threads saved
  PR #40693: 1 threads saved
  PR #40741: 2 threads saved
  PR #40772: 3 threads saved
  PR #40777: no human review threads, skipping
  PR #40786: no human review threads, skipping
  PR #40779: no human review threads, skipping
  PR #40769: 1 threads saved
  PR #40776: no human review threads, skipping
  PR #40771: no human review threads, skipping
  PR #40751: 3 threads saved
  PR #40767: no human review threads, skipping
  PR #40579: 4 threads saved
  PR #40719: no human review threads, skipping
  PR #40766: no human review threads, skipping
  PR #40750: 8 threads saved
  PR #40764: no human review threads, skipping
  PR #40614: 1 threads saved
  PR #40756: no human review threads, skipping
  PR #40757: 1 threads saved
  PR #40744: no human review threads, skipping
  PR #40761: no human review threads, skipping
  PR #39589: 7 threads saved
  PR #40734: no human review threads, skipping
  PR #40739: no human review threads, skipping
  PR #40665: 2 threads saved
  PR #40762: no human review threads, skipping
  PR #40747: 1 threads saved
  PR #40753: 1 threads saved
  PR #40728: no human review threads, skipping
  PR #40754: no human review threads, skipping
  PR #40755: no human review threads, skipping
  PR #40745: 3 threads saved
  PR #40528: no human review threads, skipping
  PR #40718: no human review threads, skipping
  PR #40746: no human review threads, skipping
  PR #40712: 5 threads saved
  PR #40732: 1 threads saved
  PR #40730: 2 threads saved
  PR #40742: no human review threads, skipping
  PR #40740: 1 threads saved
  PR #40738: 1 threads saved
  PR #40655: no human review threads, skipping
  PR #40737: no human review threads, skipping
  PR #40735: no human review threads, skipping
  PR #40224: no human review threads, skipping
  PR #40721: no human review threads, skipping
  PR #40689: 4 threads saved
  PR #40686: 1 threads saved
  PR #40724: 1 threads saved
  PR #40729: no human review threads, skipping
  PR #40709: 1 threads saved
  PR #40723: no human review threads, skipping
  PR #40696: no human review threads, skipping
  PR #40699: 2 threads saved
  PR #40715: no human review threads, skipping
  PR #40669: no human review threads, skipping
  PR #40687: 1 threads saved
  PR #40722: no human review threads, skipping
  PR #40708: 3 threads saved
  PR #40701: 1 threads saved
  PR #40716: 4 threads saved
  PR #40700: no human review threads, skipping
  PR #40711: no human review threads, skipping
  PR #40710: no human review threads, skipping
  PR #40714: no human review threads, skipping
  PR #40690: no human review threads, skipping
  PR #40679: 4 threads saved
  PR #40702: no human review threads, skipping
  PR #40698: no human review threads, skipping
  PR #40691: no human review threads, skipping
  PR #40683: no human review threads, skipping
  PR #40692: 1 threads saved
  PR #40681: no human review threads, skipping
  PR #40694: no human review threads, skipping
  PR #40676: 1 threads saved
  PR #40688: no human review threads, skipping
  PR #40685: no human review threads, skipping
  PR #40160: 1 threads saved
  PR #40682: no human review threads, skipping
  PR #40677: no human review threads, skipping
  PR #40684: no human review threads, skipping
  PR #40643: 14 threads saved
  PR #40673: 2 threads saved
  PR #40671: 2 threads saved
  PR #40660: 3 threads saved
  PR #40566: 1 threads saved
  PR #40619: 1 threads saved
  PR #40672: no human review threads, skipping
  PR #40650: 6 threads saved
  PR #39308: 5 threads saved
  PR #40674: no human review threads, skipping
  PR #40654: 3 threads saved
  PR #40634: 4 threads saved
  PR #40604: 2 threads saved
  PR #40670: no human review threads, skipping
  PR #40658: no human review threads, skipping
  PR #40667: no human review threads, skipping
  PR #40663: 1 threads saved
  PR #40633: 1 threads saved
  PR #40628: 2 threads saved
  PR #40647: 3 threads saved
  PR #40648: no human review threads, skipping
  PR #40649: 1 threads saved
  PR #40645: no human review threads, skipping
  PR #40656: no human review threads, skipping
  PR #40635: no human review threads, skipping
  PR #40627: 5 threads saved
  PR #40651: no human review threads, skipping
  PR #40653: no human review threads, skipping
  PR #40636: no human review threads, skipping
  PR #40357: no human review threads, skipping
  PR #40646: no human review threads, skipping
State saved to state.json

Done. Fetched 151 PRs to raw-reviews/
