Fetching merged PRs from cerebrotech/domino since 2024-05-01...
  PR #41156: no human review threads, skipping
  PR #41541: no human review threads, skipping
  PR #41614: no human review threads, skipping
  PR #41532: no human review threads, skipping
  PR #41367: no human review threads, skipping
  PR #41481: no human review threads, skipping
  PR #41443: no human review threads, skipping
  PR #41398: no human review threads, skipping
  PR #41318: no human review threads, skipping
  PR #41296: 3 threads saved
  PR #41259: no human review threads, skipping
  PR #41333: no human review threads, skipping
  PR #41262: 1 threads saved
  PR #41205: no human review threads, skipping
  PR #41361: 1 threads saved
  PR #41356: 1 threads saved
  PR #41138: no human review threads, skipping
  PR #41201: 1 threads saved
  PR #41148: no human review threads, skipping
  PR #40759: 1 threads saved
  PR #41414: no human review threads, skipping
  PR #41317: no human review threads, skipping
  PR #41670: no human review threads, skipping
  PR #41662: 1 threads saved
  PR #41666: no human review threads, skipping
  PR #41665: no human review threads, skipping
  PR #41675: 1 threads saved
  PR #41678: no human review threads, skipping
  PR #41672: no human review threads, skipping
  PR #41664: no human review threads, skipping
  PR #41592: no human review threads, skipping
  PR #41669: no human review threads, skipping
  PR #41661: no human review threads, skipping
  PR #41649: 2 threads saved
  PR #41651: no human review threads, skipping
  PR #41642: no human review threads, skipping
  PR #41644: no human review threads, skipping
  PR #41660: no human review threads, skipping
  PR #41648: no human review threads, skipping
  PR #41652: no human review threads, skipping
  PR #41599: 1 threads saved
  PR #41654: no human review threads, skipping
  PR #41558: 1 threads saved
  PR #41575: 21 threads saved
  PR #41577: 4 threads saved
  PR #41637: no human review threads, skipping
  PR #41647: no human review threads, skipping
  PR #41630: no human review threads, skipping
  PR #41645: no human review threads, skipping
  PR #41639: no human review threads, skipping
  PR #41643: no human review threads, skipping
  PR #41635: no human review threads, skipping
  PR #41611: 1 threads saved
  PR #41632: 1 threads saved
  PR #41615: no human review threads, skipping
  PR #41638: no human review threads, skipping
  PR #41605: 5 threads saved
  PR #41631: no human review threads, skipping
  PR #41634: no human review threads, skipping
  PR #41624: no human review threads, skipping
  PR #41287: 14 threads saved
  PR #41610: 1 threads saved
  PR #41628: no human review threads, skipping
  PR #41583: 3 threads saved
  PR #41626: no human review threads, skipping
  PR #41620: no human review threads, skipping
  PR #41616: no human review threads, skipping
  PR #41622: no human review threads, skipping
  PR #41613: no human review threads, skipping
  PR #41619: no human review threads, skipping
  PR #41608: no human review threads, skipping
  PR #41609: no human review threads, skipping
  PR #41606: no human review threads, skipping
  PR #41593: 1 threads saved
  PR #41576: 1 threads saved
  PR #41482: 2 threads saved
  PR #41604: no human review threads, skipping
  PR #41564: 2 threads saved
  PR #41595: no human review threads, skipping
  PR #41601: no human review threads, skipping
  PR #41598: no human review threads, skipping
  PR #41597: no human review threads, skipping
  PR #41580: no human review threads, skipping
  PR #41582: 1 threads saved
  PR #41594: no human review threads, skipping
  PR #41220: no human review threads, skipping
  PR #41590: no human review threads, skipping
  PR #41543: no human review threads, skipping
  PR #41591: no human review threads, skipping
  PR #41574: no human review threads, skipping
  PR #41533: 1 threads saved
  PR #41409: 1 threads saved
  PR #41585: no human review threads, skipping
  PR #41581: 2 threads saved
  PR #41556: no human review threads, skipping
  PR #41573: no human review threads, skipping
  PR #41578: no human review threads, skipping
  PR #41579: no human review threads, skipping
  PR #41521: 3 threads saved
  PR #41570: no human review threads, skipping
  PR #41569: no human review threads, skipping
  PR #41402: no human review threads, skipping
  PR #41565: no human review threads, skipping
  PR #41567: no human review threads, skipping
  PR #41566: no human review threads, skipping
  PR #41562: no human review threads, skipping
  PR #41561: no human review threads, skipping
  PR #41353: 1 threads saved
  PR #41548: 1 threads saved
  PR #41557: no human review threads, skipping
  PR #41537: 1 threads saved
  PR #41523: 12 threads saved
  PR #41554: no human review threads, skipping
  PR #41331: 4 threads saved
  PR #41551: no human review threads, skipping
  PR #41549: no human review threads, skipping
  PR #41546: no human review threads, skipping
  PR #41515: no human review threads, skipping
  PR #41553: no human review threads, skipping
  PR #41544: no human review threads, skipping
  PR #41547: 1 threads saved
  PR #41520: 1 threads saved
  PR #41539: no human review threads, skipping
  PR #41534: no human review threads, skipping
  PR #41536: no human review threads, skipping
  PR #41538: no human review threads, skipping
  PR #41542: no human review threads, skipping
  PR #41144: 6 threads saved
  PR #41507: no human review threads, skipping
  PR #41466: 3 threads saved
  PR #41504: no human review threads, skipping
  PR #41526: no human review threads, skipping
  PR #41257: 2 threads saved
  PR #41198: 2 threads saved
  PR #41519: no human review threads, skipping
  PR #41449: 3 threads saved
  PR #41510: no human review threads, skipping
  PR #41531: 1 threads saved
  PR #41438: 3 threads saved
  PR #41292: 2 threads saved
  PR #41516: no human review threads, skipping
  PR #41379: 3 threads saved
  PR #41269: 2 threads saved
  PR #41502: no human review threads, skipping
  PR #41506: no human review threads, skipping
  PR #41499: no human review threads, skipping
  PR #41505: no human review threads, skipping
  PR #41512: no human review threads, skipping
  PR #40783: 27 threads saved
  PR #41508: no human review threads, skipping
  PR #41501: no human review threads, skipping
  PR #41500: no human review threads, skipping
  PR #41497: no human review threads, skipping
  PR #41496: 1 threads saved
  PR #41060: 2 threads saved
  PR #41448: no human review threads, skipping
  PR #41486: 2 threads saved
  PR #41498: 1 threads saved
  PR #41491: no human review threads, skipping
  PR #41477: 9 threads saved
  PR #41479: 1 threads saved
  PR #41495: no human review threads, skipping
  PR #41365: 2 threads saved
  PR #41490: no human review threads, skipping
  PR #41132: 3 threads saved
  PR #41488: no human review threads, skipping
  PR #41480: no human review threads, skipping
  PR #41484: no human review threads, skipping
  PR #41381: 3 threads saved
  PR #41475: no human review threads, skipping
  PR #41473: 1 threads saved
  PR #41474: no human review threads, skipping
  PR #41453: no human review threads, skipping
  PR #41470: 1 threads saved
  PR #41472: no human review threads, skipping
  PR #41469: 3 threads saved
  PR #41456: no human review threads, skipping
  PR #41467: no human review threads, skipping
  PR #41441: 1 threads saved
  PR #41476: no human review threads, skipping
  PR #41408: 5 threads saved
  PR #41468: no human review threads, skipping
  PR #41465: no human review threads, skipping
  PR #41411: 1 threads saved
  PR #41434: no human review threads, skipping
  PR #41462: no human review threads, skipping
  PR #41459: no human review threads, skipping
  PR #41249: 2 threads saved
  PR #41436: 1 threads saved
  PR #41457: no human review threads, skipping
  PR #41454: no human review threads, skipping
  PR #41455: no human review threads, skipping
  PR #41450: no human review threads, skipping
  PR #41431: no human review threads, skipping
  PR #41451: no human review threads, skipping
  PR #41350: 2 threads saved
  PR #41446: no human review threads, skipping
  PR #41422: no human review threads, skipping
  PR #41420: 1 threads saved
  PR #41439: no human review threads, skipping
  PR #41418: 2 threads saved
  PR #41442: no human review threads, skipping
  PR #41445: no human review threads, skipping
  PR #41447: no human review threads, skipping
  PR #41440: no human review threads, skipping
  PR #41428: no human review threads, skipping
  PR #41429: 1 threads saved
  PR #41433: no human review threads, skipping
  PR #41140: 23 threads saved
  PR #41432: 1 threads saved
  PR #41426: no human review threads, skipping
  PR #41343: 7 threads saved
  PR #41383: no human review threads, skipping
  PR #41412: 3 threads saved
  PR #41430: no human review threads, skipping
  PR #41427: no human review threads, skipping
  PR #41423: 2 threads saved
  PR #41425: no human review threads, skipping
  PR #41424: 1 threads saved
  PR #41415: 1 threads saved
  PR #41387: 1 threads saved
  PR #41417: no human review threads, skipping
  PR #41395: 1 threads saved
  PR #41419: no human review threads, skipping
  PR #41407: 1 threads saved
  PR #41413: 2 threads saved
  PR #41400: no human review threads, skipping
  PR #41401: no human review threads, skipping
  PR #41410: no human review threads, skipping
  PR #41394: no human review threads, skipping
  PR #41346: 26 threads saved
  PR #41393: no human review threads, skipping
  PR #41403: no human review threads, skipping
  PR #41369: no human review threads, skipping
  PR #41406: 1 threads saved
  PR #41405: 1 threads saved
  PR #41399: no human review threads, skipping
  PR #41397: no human review threads, skipping
  PR #41377: no human review threads, skipping
  PR #41280: 1 threads saved
  PR #40169: no human review threads, skipping
  PR #41273: 10 threads saved
  PR #41384: no human review threads, skipping
  PR #41390: no human review threads, skipping
  PR #41396: no human review threads, skipping
  PR #41222: no human review threads, skipping
  PR #41392: no human review threads, skipping
  PR #41388: 1 threads saved
  PR #41389: 8 threads saved
  PR #41380: 3 threads saved
  PR #41370: no human review threads, skipping
  PR #41382: 1 threads saved
  PR #41385: no human review threads, skipping
  PR #41291: 9 threads saved
  PR #41378: no human review threads, skipping
  PR #41375: no human review threads, skipping
  PR #41371: no human review threads, skipping
  PR #41362: no human review threads, skipping
  PR #41228: 3 threads saved
  PR #41364: 1 threads saved
  PR #41376: no human review threads, skipping
  PR #41354: no human review threads, skipping
  PR #41293: no human review threads, skipping
  PR #41374: 1 threads saved
  PR #41372: no human review threads, skipping
  PR #41373: no human review threads, skipping
  PR #41355: 1 threads saved
  PR #41348: 1 threads saved
  PR #41366: no human review threads, skipping
  PR #41352: no human review threads, skipping
  PR #41359: 1 threads saved
  PR #41368: 3 threads saved
  PR #40976: 4 threads saved
  PR #41358: 2 threads saved
  PR #41338: 2 threads saved
  PR #41360: no human review threads, skipping
  PR #41357: no human review threads, skipping
  PR #41327: 1 threads saved
  PR #41216: 4 threads saved
  PR #41334: no human review threads, skipping
  PR #41324: 4 threads saved
  PR #41248: 1 threads saved
  PR #41319: no human review threads, skipping
  PR #41150: no human review threads, skipping
  PR #41351: no human review threads, skipping
  PR #41347: no human review threads, skipping
  PR #41349: no human review threads, skipping
  PR #41337: no human review threads, skipping
  PR #41161: no human review threads, skipping
  PR #41339: no human review threads, skipping
  PR #41067: 7 threads saved
  PR #41345: no human review threads, skipping
  PR #41311: no human review threads, skipping
  PR #41265: 6 threads saved
  PR #41344: no human review threads, skipping
  PR #41326: no human review threads, skipping
  PR #41342: no human review threads, skipping
  PR #41341: no human review threads, skipping
  PR #41288: 5 threads saved
  PR #41335: no human review threads, skipping
  PR #41121: 31 threads saved
  PR #41332: 2 threads saved
  PR #41168: 2 threads saved
  PR #41325: 1 threads saved
  PR #41330: 1 threads saved
  PR #41328: 4 threads saved
  PR #41321: no human review threads, skipping
  PR #41323: no human review threads, skipping
  PR #41329: no human review threads, skipping
  PR #41299: no human review threads, skipping
  PR #41139: no human review threads, skipping
  PR #41322: 1 threads saved
  PR #41304: 1 threads saved
  PR #41314: no human review threads, skipping
  PR #41286: 3 threads saved
  PR #41316: no human review threads, skipping
  PR #41315: no human review threads, skipping
  PR #41313: no human review threads, skipping
  PR #41282: 3 threads saved
  PR #41312: no human review threads, skipping
  PR #41309: no human review threads, skipping
  PR #41310: no human review threads, skipping
  PR #41298: no human review threads, skipping
  PR #41285: no human review threads, skipping
  PR #41255: 4 threads saved
  PR #41290: no human review threads, skipping
  PR #41300: no human review threads, skipping
  PR #41250: 5 threads saved
  PR #41297: no human review threads, skipping
  PR #41279: no human review threads, skipping
  PR #41294: no human review threads, skipping
  PR #41271: no human review threads, skipping
  PR #41283: no human review threads, skipping
  PR #41284: 1 threads saved
  PR #41275: no human review threads, skipping
  PR #41277: no human review threads, skipping
  PR #41276: 1 threads saved
  PR #41274: no human review threads, skipping
  PR #41239: no human review threads, skipping
  PR #41261: no human review threads, skipping
  PR #41270: no human review threads, skipping
  PR #41278: 1 threads saved
  PR #41242: 3 threads saved
  PR #41268: 2 threads saved
  PR #41251: 2 threads saved
  PR #41254: no human review threads, skipping
  PR #41217: 3 threads saved
  PR #41260: 1 threads saved
  PR #41246: no human review threads, skipping
  PR #41264: no human review threads, skipping
  PR #41187: 2 threads saved
  PR #41263: no human review threads, skipping
  PR #41224: 1 threads saved
  PR #41203: 6 threads saved
  PR #41258: no human review threads, skipping
  PR #41226: no human review threads, skipping
  PR #41221: 8 threads saved
  PR #41234: 2 threads saved
  PR #41241: 1 threads saved
  PR #41256: no human review threads, skipping
  PR #41252: no human review threads, skipping
  PR #41253: 1 threads saved
  PR #41244: 1 threads saved
  PR #41232: no human review threads, skipping
  PR #41233: no human review threads, skipping
  PR #41207: no human review threads, skipping
  PR #41223: no human review threads, skipping
  PR #41245: no human review threads, skipping
  PR #41215: no human review threads, skipping
  PR #41212: no human review threads, skipping
  PR #41141: no human review threads, skipping
  PR #41243: no human review threads, skipping
  PR #41214: no human review threads, skipping
  PR #41238: no human review threads, skipping
  PR #41236: no human review threads, skipping
  PR #41204: no human review threads, skipping
  PR #41231: 1 threads saved
  PR #41235: no human review threads, skipping
  PR #41225: no human review threads, skipping
  PR #41199: 3 threads saved
  PR #41206: no human review threads, skipping
  PR #41149: 2 threads saved
  PR #41211: no human review threads, skipping
  PR #41208: no human review threads, skipping
  PR #41196: no human review threads, skipping
  PR #41181: 2 threads saved
  PR #41182: 1 threads saved
  PR #41195: no human review threads, skipping
  PR #41126: 6 threads saved
  PR #41209: no human review threads, skipping
  PR #41191: no human review threads, skipping
  PR #41200: no human review threads, skipping
  PR #41193: 1 threads saved
  PR #41197: no human review threads, skipping
  PR #41190: 3 threads saved
  PR #41083: 11 threads saved
  PR #41137: 3 threads saved
  PR #41173: no human review threads, skipping
  PR #41192: no human review threads, skipping
  PR #41089: no human review threads, skipping
  PR #41165: 1 threads saved
  PR #41183: 6 threads saved
  PR #41194: no human review threads, skipping
  PR #41180: no human review threads, skipping
  PR #41111: 6 threads saved
  PR #41188: no human review threads, skipping
  PR #41186: no human review threads, skipping
  PR #41184: no human review threads, skipping
  PR #41124: 5 threads saved
  PR #41174: 1 threads saved
  PR #41157: 6 threads saved
  PR #41177: no human review threads, skipping
  PR #41164: 1 threads saved
  PR #41100: no human review threads, skipping
  PR #41179: no human review threads, skipping
  PR #41146: 1 threads saved
  PR #41176: no human review threads, skipping
  PR #41167: no human review threads, skipping
  PR #41080: 1 threads saved
  PR #41171: no human review threads, skipping
  PR #41091: 3 threads saved
  PR #41170: no human review threads, skipping
  PR #41169: no human review threads, skipping
  PR #41153: no human review threads, skipping
  PR #41172: no human review threads, skipping
  PR #41166: 1 threads saved
  PR #41152: no human review threads, skipping
  PR #41159: 1 threads saved
  PR #41158: no human review threads, skipping
  PR #41116: 1 threads saved
  PR #41094: 2 threads saved
  PR #41147: no human review threads, skipping
  PR #41142: no human review threads, skipping
  PR #41154: no human review threads, skipping
  PR #41155: no human review threads, skipping
  PR #41133: no human review threads, skipping
  PR #41143: no human review threads, skipping
  PR #41136: no human review threads, skipping
  PR #41074: no human review threads, skipping
  PR #40956: 1 threads saved
  PR #41127: no human review threads, skipping
  PR #41082: 4 threads saved
  PR #41115: 6 threads saved
  PR #41104: no human review threads, skipping
  PR #40925: no human review threads, skipping
  PR #40872: no human review threads, skipping
  PR #41101: 2 threads saved
  PR #40955: 1 threads saved
  PR #41123: 4 threads saved
  PR #41112: 1 threads saved
  PR #40875: no human review threads, skipping
  PR #41135: no human review threads, skipping
  PR #40817: no human review threads, skipping
State saved to state.json

Done. Fetched 164 PRs to raw-reviews/
