Fetching merged PRs from cerebrotech/domino since 2024-06-01...
  PR #41906: 3 threads saved
  PR #42051: no human review threads, skipping
  PR #42052: no human review threads, skipping
  PR #42048: 1 threads saved
  PR #42050: no human review threads, skipping
  PR #42046: no human review threads, skipping
  PR #42040: no human review threads, skipping
  PR #42043: no human review threads, skipping
  PR #42028: no human review threads, skipping
  PR #42042: no human review threads, skipping
  PR #42019: 2 threads saved
  PR #42030: no human review threads, skipping
  PR #42038: no human review threads, skipping
  PR #41307: 6 threads saved
  PR #42031: 2 threads saved
  PR #42035: no human review threads, skipping
  PR #41961: 4 threads saved
  PR #42033: no human review threads, skipping
  PR #42017: 2 threads saved
  PR #42034: no human review threads, skipping
  PR #42021: no human review threads, skipping
  PR #42029: no human review threads, skipping
  PR #42025: no human review threads, skipping
  PR #41990: 1 threads saved
  PR #42026: no human review threads, skipping
  PR #42013: no human review threads, skipping
  PR #41994: no human review threads, skipping
  PR #41306: no human review threads, skipping
  PR #42006: no human review threads, skipping
  PR #42018: no human review threads, skipping
  PR #42024: no human review threads, skipping
  PR #41463: 5 threads saved
  PR #42016: no human review threads, skipping
  PR #42022: no human review threads, skipping
  PR #42003: 4 threads saved
  PR #42011: no human review threads, skipping
  PR #42020: no human review threads, skipping
  PR #42009: no human review threads, skipping
  PR #41999: 1 threads saved
  PR #42005: no human review threads, skipping
  PR #41954: 1 threads saved
  PR #41939: 2 threads saved
  PR #42008: 5 threads saved
  PR #41964: no human review threads, skipping
  PR #42004: no human review threads, skipping
  PR #42001: no human review threads, skipping
  PR #41949: no human review threads, skipping
  PR #41986: no human review threads, skipping
  PR #42002: no human review threads, skipping
  PR #41985: 7 threads saved
  PR #42000: no human review threads, skipping
  PR #41988: 1 threads saved
  PR #41996: no human review threads, skipping
  PR #41998: no human review threads, skipping
  PR #41997: 1 threads saved
  PR #41935: no human review threads, skipping
  PR #41975: 1 threads saved
  PR #41995: no human review threads, skipping
  PR #41981: no human review threads, skipping
  PR #41984: no human review threads, skipping
  PR #41979: 4 threads saved
  PR #41943: 4 threads saved
  PR #41983: no human review threads, skipping
  PR #41962: 2 threads saved
  PR #41977: no human review threads, skipping
  PR #41978: no human review threads, skipping
  PR #41305: 3 threads saved
  PR #41976: no human review threads, skipping
  PR #41967: no human review threads, skipping
  PR #41974: no human review threads, skipping
  PR #41972: no human review threads, skipping
  PR #41923: 1 threads saved
  PR #41973: no human review threads, skipping
  PR #41960: no human review threads, skipping
  PR #41940: 3 threads saved
  PR #41966: no human review threads, skipping
  PR #41965: no human review threads, skipping
  PR #41963: no human review threads, skipping
  PR #41952: no human review threads, skipping
  PR #41587: 2 threads saved
  PR #41958: no human review threads, skipping
  PR #41937: 3 threads saved
  PR #41948: no human review threads, skipping
  PR #41953: 1 threads saved
  PR #41955: no human review threads, skipping
  PR #41957: no human review threads, skipping
  PR #41929: 5 threads saved
  PR #41944: 1 threads saved
  PR #41933: no human review threads, skipping
  PR #41956: 1 threads saved
  PR #41946: no human review threads, skipping
  PR #41950: no human review threads, skipping
  PR #41912: 1 threads saved
  PR #41945: no human review threads, skipping
  PR #41942: no human review threads, skipping
  PR #41936: 1 threads saved
  PR #41938: no human review threads, skipping
  PR #41900: no human review threads, skipping
  PR #41934: no human review threads, skipping
  PR #41846: no human review threads, skipping
  PR #41861: 13 threads saved
  PR #41926: no human review threads, skipping
  PR #41852: 5 threads saved
  PR #41826: 1 threads saved
  PR #41928: no human review threads, skipping
  PR #41927: no human review threads, skipping
  PR #41917: 2 threads saved
  PR #41915: no human review threads, skipping
  PR #41925: no human review threads, skipping
  PR #41921: no human review threads, skipping
  PR #41907: 2 threads saved
  PR #41922: no human review threads, skipping
  PR #41919: no human review threads, skipping
  PR #41904: 1 threads saved
  PR #41836: 2 threads saved
  PR #41901: no human review threads, skipping
  PR #41916: no human review threads, skipping
  PR #41851: no human review threads, skipping
  PR #41909: no human review threads, skipping
  PR #41913: no human review threads, skipping
  PR #41914: 1 threads saved
  PR #41908: no human review threads, skipping
  PR #41911: no human review threads, skipping
  PR #41910: no human review threads, skipping
  PR #41858: no human review threads, skipping
  PR #41867: no human review threads, skipping
  PR #41879: no human review threads, skipping
  PR #41891: no human review threads, skipping
  PR #41882: no human review threads, skipping
  PR #41892: no human review threads, skipping
  PR #41893: 4 threads saved
  PR #41880: no human review threads, skipping
  PR #41894: 12 threads saved
  PR #41902: no human review threads, skipping
  PR #41765: 29 threads saved
  PR #41899: 1 threads saved
  PR #41890: 1 threads saved
  PR #41898: no human review threads, skipping
  PR #41822: 1 threads saved
  PR #41896: no human review threads, skipping
  PR #41888: no human review threads, skipping
  PR #41889: no human review threads, skipping
  PR #41887: no human review threads, skipping
  PR #41886: no human review threads, skipping
  PR #41839: no human review threads, skipping
  PR #41885: no human review threads, skipping
  PR #41862: 1 threads saved
  PR #41881: no human review threads, skipping
  PR #41870: no human review threads, skipping
  PR #41877: 1 threads saved
  PR #41876: no human review threads, skipping
  PR #41875: no human review threads, skipping
  PR #41863: no human review threads, skipping
  PR #41864: 1 threads saved
  PR #41874: no human review threads, skipping
  PR #41834: no human review threads, skipping
  PR #41871: no human review threads, skipping
  PR #41868: no human review threads, skipping
  PR #41838: 1 threads saved
  PR #41873: no human review threads, skipping
  PR #41840: no human review threads, skipping
  PR #41860: no human review threads, skipping
  PR #41869: no human review threads, skipping
  PR #41845: 1 threads saved
  PR #41737: no human review threads, skipping
  PR #41789: no human review threads, skipping
  PR #41739: 1 threads saved
  PR #41684: no human review threads, skipping
  PR #41712: no human review threads, skipping
  PR #41857: 1 threads saved
  PR #41728: no human review threads, skipping
  PR #41853: 2 threads saved
  PR #40785: 29 threads saved
  PR #41856: no human review threads, skipping
  PR #41843: no human review threads, skipping
  PR #41748: 5 threads saved
  PR #41854: no human review threads, skipping
  PR #41847: no human review threads, skipping
  PR #41832: 6 threads saved
  PR #41850: no human review threads, skipping
  PR #41816: 1 threads saved
  PR #41842: no human review threads, skipping
  PR #41841: no human review threads, skipping
  PR #41848: no human review threads, skipping
  PR #41818: 8 threads saved
  PR #41702: 10 threads saved
  PR #41825: 1 threads saved
  PR #41820: 8 threads saved
  PR #41819: 1 threads saved
  PR #41694: 5 threads saved
  PR #41828: no human review threads, skipping
  PR #41827: no human review threads, skipping
  PR #41823: no human review threads, skipping
  PR #41756: 3 threads saved
  PR #41340: 6 threads saved
  PR #41813: no human review threads, skipping
  PR #41821: no human review threads, skipping
  PR #41653: 10 threads saved
  PR #41805: 1 threads saved
  PR #41584: 5 threads saved
  PR #41817: no human review threads, skipping
  PR #41766: 9 threads saved
  PR #41812: 1 threads saved
  PR #41809: no human review threads, skipping
  PR #41814: no human review threads, skipping
  PR #41810: no human review threads, skipping
  PR #41808: no human review threads, skipping
  PR #41800: no human review threads, skipping
  PR #41791: 1 threads saved
  PR #41529: 6 threads saved
  PR #41803: no human review threads, skipping
  PR #41807: no human review threads, skipping
  PR #41793: 1 threads saved
  PR #41802: no human review threads, skipping
  PR #41801: no human review threads, skipping
  PR #41804: no human review threads, skipping
  PR #41785: no human review threads, skipping
  PR #41770: 2 threads saved
  PR #41790: no human review threads, skipping
  PR #41781: no human review threads, skipping
  PR #41799: no human review threads, skipping
  PR #41701: no human review threads, skipping
  PR #41784: 1 threads saved
  PR #41767: no human review threads, skipping
  PR #41796: no human review threads, skipping
  PR #41795: no human review threads, skipping
  PR #41792: no human review threads, skipping
  PR #41779: no human review threads, skipping
  PR #41788: no human review threads, skipping
  PR #41783: no human review threads, skipping
  PR #41778: no human review threads, skipping
  PR #41780: no human review threads, skipping
  PR #41777: no human review threads, skipping
  PR #41775: no human review threads, skipping
  PR #41762: 6 threads saved
  PR #41750: 4 threads saved
  PR #41769: no human review threads, skipping
  PR #41771: no human review threads, skipping
  PR #41723: no human review threads, skipping
  PR #41764: no human review threads, skipping
  PR #41761: no human review threads, skipping
  PR #41758: no human review threads, skipping
  PR #41763: 3 threads saved
  PR #41719: 5 threads saved
  PR #41746: 4 threads saved
  PR #41735: 1 threads saved
  PR #41596: 1 threads saved
  PR #41722: 1 threads saved
  PR #41751: no human review threads, skipping
  PR #41757: no human review threads, skipping
  PR #41760: no human review threads, skipping
  PR #41485: 6 threads saved
  PR #41749: no human review threads, skipping
  PR #41607: 6 threads saved
  PR #41752: no human review threads, skipping
  PR #41755: no human review threads, skipping
  PR #41744: no human review threads, skipping
  PR #41742: no human review threads, skipping
  PR #41705: no human review threads, skipping
  PR #41740: 2 threads saved
  PR #41588: 6 threads saved
  PR #41743: 1 threads saved
  PR #41738: no human review threads, skipping
  PR #41621: 10 threads saved
  PR #41736: 1 threads saved
  PR #41732: 2 threads saved
  PR #41729: 2 threads saved
  PR #41734: no human review threads, skipping
  PR #41703: no human review threads, skipping
  PR #41731: 1 threads saved
  PR #41711: 7 threads saved
  PR #41695: 5 threads saved
  PR #41709: no human review threads, skipping
  PR #41721: no human review threads, skipping
  PR #41730: no human review threads, skipping
  PR #41724: no human review threads, skipping
  PR #41696: no human review threads, skipping
  PR #41717: no human review threads, skipping
  PR #41718: no human review threads, skipping
  PR #41715: no human review threads, skipping
  PR #41716: no human review threads, skipping
  PR #41707: no human review threads, skipping
  PR #41706: no human review threads, skipping
  PR #41708: 1 threads saved
  PR #41688: 3 threads saved
  PR #41673: no human review threads, skipping
  PR #41699: no human review threads, skipping
  PR #41641: no human review threads, skipping
  PR #41674: 2 threads saved
  PR #41693: no human review threads, skipping
  PR #41700: no human review threads, skipping
  PR #41617: 2 threads saved
  PR #41663: no human review threads, skipping
  PR #41691: no human review threads, skipping
  PR #41681: no human review threads, skipping
  PR #41677: 1 threads saved
  PR #41689: no human review threads, skipping
State saved to state.json

Done. Fetched 101 PRs to raw-reviews/
