Fetching merged PRs from cerebrotech/domino since 2024-07-01...
  PR #42214: 3 threads saved
  PR #42224: no human review threads, skipping
  PR #41903: no human review threads, skipping
  PR #42229: no human review threads, skipping
  PR #42113: 8 threads saved
  PR #42047: 1 threads saved
  PR #42435: no human review threads, skipping
  PR #42411: 2 threads saved
  PR #42403: 7 threads saved
  PR #42312: 6 threads saved
  PR #42401: 5 threads saved
  PR #42432: no human review threads, skipping
  PR #42425: no human review threads, skipping
  PR #42394: 1 threads saved
  PR #42431: no human review threads, skipping
  PR #42421: no human review threads, skipping
  PR #42427: no human review threads, skipping
  PR #42356: 1 threads saved
  PR #42405: 1 threads saved
  PR #42422: no human review threads, skipping
  PR #42418: 1 threads saved
  PR #42410: 1 threads saved
  PR #42419: no human review threads, skipping
  PR #42404: 1 threads saved
  PR #42408: 2 threads saved
  PR #42417: 1 threads saved
  PR #42388: 2 threads saved
  PR #42414: no human review threads, skipping
  PR #42399: no human review threads, skipping
  PR #42406: no human review threads, skipping
  PR #42393: no human review threads, skipping
  PR #42390: no human review threads, skipping
  PR #42382: 1 threads saved
  PR #42412: no human review threads, skipping
  PR #42409: no human review threads, skipping
  PR #42407: no human review threads, skipping
  PR #42381: no human review threads, skipping
  PR #42402: no human review threads, skipping
  PR #42384: 2 threads saved
  PR #42386: no human review threads, skipping
  PR #42379: no human review threads, skipping
  PR #42391: 2 threads saved
  PR #42334: 8 threads saved
  PR #42400: 1 threads saved
  PR #42383: 1 threads saved
  PR #42398: no human review threads, skipping
  PR #42354: no human review threads, skipping
  PR #42397: no human review threads, skipping
  PR #42396: no human review threads, skipping
  PR #42355: no human review threads, skipping
  PR #42385: no human review threads, skipping
  PR #42376: no human review threads, skipping
  PR #42387: no human review threads, skipping
  PR #42368: 2 threads saved
  PR #42380: no human review threads, skipping
  PR #42378: no human review threads, skipping
  PR #42377: no human review threads, skipping
  PR #42375: no human review threads, skipping
  PR #42373: 1 threads saved
  PR #42304: no human review threads, skipping
  PR #42372: no human review threads, skipping
  PR #42371: no human review threads, skipping
  PR #42346: no human review threads, skipping
  PR #42369: no human review threads, skipping
  PR #42370: no human review threads, skipping
  PR #42365: no human review threads, skipping
  PR #42364: no human review threads, skipping
  PR #42367: no human review threads, skipping
  PR #42344: no human review threads, skipping
  PR #42357: no human review threads, skipping
  PR #42319: 5 threads saved
  PR #42352: no human review threads, skipping
  PR #42309: 1 threads saved
  PR #41951: 7 threads saved
  PR #42340: 2 threads saved
  PR #42362: no human review threads, skipping
  PR #41878: 40 threads saved
  PR #42359: no human review threads, skipping
  PR #42361: no human review threads, skipping
  PR #42358: no human review threads, skipping
  PR #42348: no human review threads, skipping
  PR #42350: no human review threads, skipping
  PR #42345: no human review threads, skipping
  PR #42322: no human review threads, skipping
  PR #42347: no human review threads, skipping
  PR #42343: no human review threads, skipping
  PR #42337: no human review threads, skipping
  PR #42328: 3 threads saved
  PR #42336: no human review threads, skipping
  PR #42177: 10 threads saved
  PR #42325: 2 threads saved
  PR #42278: no human review threads, skipping
  PR #42341: no human review threads, skipping
  PR #42299: 2 threads saved
  PR #42339: no human review threads, skipping
  PR #42330: no human review threads, skipping
  PR #42329: no human review threads, skipping
  PR #42316: 1 threads saved
  PR #42327: 2 threads saved
  PR #42311: no human review threads, skipping
  PR #42335: no human review threads, skipping
  PR #42324: no human review threads, skipping
  PR #42333: no human review threads, skipping
  PR #42332: no human review threads, skipping
  PR #42321: no human review threads, skipping
  PR #42326: no human review threads, skipping
  PR #42315: no human review threads, skipping
  PR #42298: 4 threads saved
  PR #42320: no human review threads, skipping
  PR #42317: no human review threads, skipping
  PR #42228: 2 threads saved
  PR #42257: 1 threads saved
  PR #42310: no human review threads, skipping
  PR #42292: 2 threads saved
  PR #42314: 1 threads saved
  PR #42313: no human review threads, skipping
  PR #42232: no human review threads, skipping
  PR #42296: 1 threads saved
  PR #42307: no human review threads, skipping
  PR #42308: no human review threads, skipping
  PR #42306: no human review threads, skipping
  PR #42300: no human review threads, skipping
  PR #42250: 1 threads saved
  PR #42305: no human review threads, skipping
  PR #42302: no human review threads, skipping
  PR #42301: no human review threads, skipping
  PR #42284: no human review threads, skipping
  PR #42295: 1 threads saved
  PR #42283: no human review threads, skipping
  PR #42244: 2 threads saved
  PR #42264: 4 threads saved
  PR #41941: 7 threads saved
  PR #42297: no human review threads, skipping
  PR #42288: no human review threads, skipping
  PR #42135: 1 threads saved
  PR #42294: no human review threads, skipping
  PR #42286: no human review threads, skipping
  PR #42293: no human review threads, skipping
  PR #42275: 2 threads saved
  PR #42279: no human review threads, skipping
  PR #42276: 8 threads saved
  PR #42281: 1 threads saved
  PR #42213: 7 threads saved
  PR #42290: no human review threads, skipping
  PR #42291: no human review threads, skipping
  PR #42289: no human review threads, skipping
  PR #42285: no human review threads, skipping
  PR #42282: no human review threads, skipping
  PR #42287: 2 threads saved
  PR #42235: 3 threads saved
  PR #42266: no human review threads, skipping
  PR #42274: no human review threads, skipping
  PR #42187: 15 threads saved
  PR #42280: no human review threads, skipping
  PR #42272: 8 threads saved
  PR #42254: 4 threads saved
  PR #42265: no human review threads, skipping
  PR #42267: 1 threads saved
  PR #42273: no human review threads, skipping
  PR #42270: no human review threads, skipping
  PR #42268: no human review threads, skipping
  PR #42261: no human review threads, skipping
  PR #42211: 4 threads saved
  PR #42245: no human review threads, skipping
  PR #42263: no human review threads, skipping
  PR #42201: 2 threads saved
  PR #42234: 1 threads saved
  PR #42262: no human review threads, skipping
  PR #42239: 3 threads saved
  PR #42227: no human review threads, skipping
  PR #42233: no human review threads, skipping
  PR #42164: no human review threads, skipping
  PR #42259: no human review threads, skipping
  PR #42255: no human review threads, skipping
  PR #42188: no human review threads, skipping
  PR #42209: 1 threads saved
  PR #42225: 2 threads saved
  PR #42248: 1 threads saved
  PR #42252: no human review threads, skipping
  PR #42222: 1 threads saved
  PR #42247: 2 threads saved
  PR #42249: no human review threads, skipping
  PR #42251: no human review threads, skipping
  PR #42246: 1 threads saved
  PR #42242: 1 threads saved
  PR #42243: no human review threads, skipping
  PR #42192: 2 threads saved
  PR #42182: 1 threads saved
  PR #42237: no human review threads, skipping
  PR #42240: 1 threads saved
  PR #42238: no human review threads, skipping
  PR #42236: 2 threads saved
  PR #42220: no human review threads, skipping
  PR #42230: 1 threads saved
  PR #42231: no human review threads, skipping
  PR #42219: no human review threads, skipping
  PR #41992: 23 threads saved
  PR #42216: 2 threads saved
  PR #42223: no human review threads, skipping
  PR #42218: 2 threads saved
  PR #42186: 2 threads saved
  PR #42198: 1 threads saved
  PR #42172: 10 threads saved
  PR #42141: 6 threads saved
  PR #42221: no human review threads, skipping
  PR #42217: no human review threads, skipping
  PR #41980: 1 threads saved
  PR #42159: 1 threads saved
  PR #42206: no human review threads, skipping
  PR #41230: no human review threads, skipping
  PR #41303: 4 threads saved
  PR #42212: no human review threads, skipping
  PR #42190: 6 threads saved
  PR #42210: no human review threads, skipping
  PR #42143: 1 threads saved
  PR #42208: 2 threads saved
  PR #42168: 9 threads saved
  PR #42189: no human review threads, skipping
  PR #42207: 1 threads saved
  PR #42171: 4 threads saved
  PR #42181: no human review threads, skipping
  PR #42179: 6 threads saved
  PR #42196: 3 threads saved
  PR #42202: no human review threads, skipping
  PR #42197: 1 threads saved
  PR #42170: no human review threads, skipping
  PR #42203: no human review threads, skipping
  PR #42205: no human review threads, skipping
  PR #42199: no human review threads, skipping
  PR #42154: 5 threads saved
  PR #42165: 1 threads saved
  PR #42200: 3 threads saved
  PR #42175: no human review threads, skipping
  PR #42176: no human review threads, skipping
  PR #42195: no human review threads, skipping
  PR #42191: no human review threads, skipping
  PR #42185: no human review threads, skipping
  PR #42160: 1 threads saved
  PR #42183: no human review threads, skipping
  PR #42150: 2 threads saved
  PR #42095: 8 threads saved
  PR #42145: 1 threads saved
  PR #42174: no human review threads, skipping
  PR #42080: 3 threads saved
  PR #42151: no human review threads, skipping
  PR #42178: no human review threads, skipping
  PR #42158: no human review threads, skipping
  PR #42169: 7 threads saved
  PR #42157: no human review threads, skipping
  PR #42102: 4 threads saved
  PR #42173: no human review threads, skipping
  PR #42148: no human review threads, skipping
  PR #42167: no human review threads, skipping
  PR #42166: no human review threads, skipping
  PR #42137: no human review threads, skipping
  PR #42149: no human review threads, skipping
  PR #42153: no human review threads, skipping
  PR #42163: no human review threads, skipping
  PR #42156: no human review threads, skipping
  PR #42106: 11 threads saved
  PR #42007: 4 threads saved
  PR #42139: 2 threads saved
  PR #42155: no human review threads, skipping
  PR #42162: no human review threads, skipping
  PR #42109: no human review threads, skipping
  PR #42152: no human review threads, skipping
  PR #42133: 5 threads saved
  PR #42144: no human review threads, skipping
  PR #42138: no human review threads, skipping
  PR #42132: 1 threads saved
  PR #42070: 22 threads saved
  PR #42129: 4 threads saved
  PR #42146: no human review threads, skipping
  PR #42142: no human review threads, skipping
  PR #42116: no human review threads, skipping
  PR #42140: 1 threads saved
  PR #42134: 1 threads saved
  PR #42125: 6 threads saved
  PR #42120: 1 threads saved
  PR #42091: no human review threads, skipping
  PR #42136: 1 threads saved
  PR #42131: no human review threads, skipping
  PR #42119: no human review threads, skipping
  PR #42130: no human review threads, skipping
  PR #42128: 2 threads saved
  PR #42123: no human review threads, skipping
  PR #42114: no human review threads, skipping
  PR #42118: no human review threads, skipping
  PR #42126: no human review threads, skipping
  PR #42117: 8 threads saved
  PR #42122: no human review threads, skipping
  PR #42121: no human review threads, skipping
  PR #42039: no human review threads, skipping
  PR #42108: no human review threads, skipping
  PR #42115: no human review threads, skipping
  PR #42112: no human review threads, skipping
  PR #42111: 1 threads saved
  PR #42110: no human review threads, skipping
  PR #42105: no human review threads, skipping
  PR #42076: 5 threads saved
  PR #42089: no human review threads, skipping
  PR #42104: no human review threads, skipping
  PR #42082: 3 threads saved
  PR #41968: 5 threads saved
  PR #42101: no human review threads, skipping
  PR #42099: no human review threads, skipping
  PR #42072: no human review threads, skipping
  PR #42098: no human review threads, skipping
  PR #42096: no human review threads, skipping
  PR #42093: no human review threads, skipping
  PR #42094: no human review threads, skipping
  PR #42071: 5 threads saved
  PR #42075: 2 threads saved
  PR #42065: 8 threads saved
  PR #42069: 5 threads saved
  PR #42092: no human review threads, skipping
  PR #42061: 1 threads saved
  PR #42037: 1 threads saved
  PR #42084: no human review threads, skipping
  PR #42090: no human review threads, skipping
  PR #42085: no human review threads, skipping
  PR #42083: 1 threads saved
  PR #42086: no human review threads, skipping
  PR #42081: 1 threads saved
  PR #42077: 1 threads saved
  PR #42012: no human review threads, skipping
  PR #42079: no human review threads, skipping
  PR #42078: no human review threads, skipping
  PR #42059: no human review threads, skipping
  PR #42066: no human review threads, skipping
  PR #41982: 6 threads saved
  PR #42068: 3 threads saved
  PR #42055: 2 threads saved
  PR #42064: 1 threads saved
  PR #42067: no human review threads, skipping
  PR #41947: 11 threads saved
  PR #42057: no human review threads, skipping
  PR #42063: no human review threads, skipping
  PR #42062: no human review threads, skipping
  PR #42049: 1 threads saved
  PR #42056: no human review threads, skipping
  PR #42058: no human review threads, skipping
  PR #41991: 1 threads saved
  PR #42053: no human review threads, skipping
  PR #41970: 13 threads saved
  PR #42041: no human review threads, skipping
  PR #42010: no human review threads, skipping
  PR #42014: 3 threads saved
  PR #41987: 4 threads saved
  PR #42044: no human review threads, skipping
State saved to state.json

Done. Fetched 139 PRs to raw-reviews/
