Fetching merged PRs from cerebrotech/domino since 2024-08-01...
  PR #42609: no human review threads, skipping
  PR #42713: 3 threads saved
  PR #42787: no human review threads, skipping
  PR #42780: no human review threads, skipping
  PR #42790: no human review threads, skipping
  PR #42665: no human review threads, skipping
  PR #42755: 5 threads saved
  PR #42764: 1 threads saved
  PR #42782: no human review threads, skipping
  PR #42781: no human review threads, skipping
  PR #42779: no human review threads, skipping
  PR #42644: no human review threads, skipping
  PR #42777: no human review threads, skipping
  PR #42778: no human review threads, skipping
  PR #42762: no human review threads, skipping
  PR #42774: 5 threads saved
  PR #42772: no human review threads, skipping
  PR #42761: 1 threads saved
  PR #42763: 9 threads saved
  PR #42770: no human review threads, skipping
  PR #42776: no human review threads, skipping
  PR #42769: no human review threads, skipping
  PR #42767: no human review threads, skipping
  PR #42765: no human review threads, skipping
  PR #42760: 2 threads saved
  PR #42727: no human review threads, skipping
  PR #42754: no human review threads, skipping
  PR #42757: no human review threads, skipping
  PR #42689: no human review threads, skipping
  PR #42733: no human review threads, skipping
  PR #42745: 1 threads saved
  PR #42738: no human review threads, skipping
  PR #42746: 2 threads saved
  PR #42756: no human review threads, skipping
  PR #42750: no human review threads, skipping
  PR #42722: no human review threads, skipping
  PR #42751: no human review threads, skipping
  PR #42748: no human review threads, skipping
  PR #42749: no human review threads, skipping
  PR #42747: no human review threads, skipping
  PR #42753: no human review threads, skipping
  PR #42743: no human review threads, skipping
  PR #42742: no human review threads, skipping
  PR #42741: no human review threads, skipping
  PR #42744: no human review threads, skipping
  PR #42739: no human review threads, skipping
  PR #42740: no human review threads, skipping
  PR #42737: no human review threads, skipping
  PR #42734: no human review threads, skipping
  PR #42732: 1 threads saved
  PR #42730: no human review threads, skipping
  PR #42736: no human review threads, skipping
  PR #42723: 1 threads saved
  PR #42729: 4 threads saved
  PR #42731: no human review threads, skipping
  PR #42666: no human review threads, skipping
  PR #42701: 2 threads saved
  PR #42680: 4 threads saved
  PR #42728: no human review threads, skipping
  PR #42725: no human review threads, skipping
  PR #42705: 5 threads saved
  PR #42700: no human review threads, skipping
  PR #42709: 2 threads saved
  PR #42726: no human review threads, skipping
  PR #42673: 2 threads saved
  PR #42671: 5 threads saved
  PR #42721: no human review threads, skipping
  PR #42697: 1 threads saved
  PR #42717: no human review threads, skipping
  PR #42716: no human review threads, skipping
  PR #42712: no human review threads, skipping
  PR #42714: no human review threads, skipping
  PR #42631: 5 threads saved
  PR #42707: no human review threads, skipping
  PR #42454: 1 threads saved
  PR #42711: no human review threads, skipping
  PR #42641: no human review threads, skipping
  PR #42708: no human review threads, skipping
  PR #42693: 2 threads saved
  PR #42664: no human review threads, skipping
  PR #42704: no human review threads, skipping
  PR #42699: no human review threads, skipping
  PR #42702: no human review threads, skipping
  PR #42678: no human review threads, skipping
  PR #42695: 1 threads saved
  PR #42698: no human review threads, skipping
  PR #42691: 3 threads saved
  PR #42679: no human review threads, skipping
  PR #42694: no human review threads, skipping
  PR #42652: 1 threads saved
  PR #42688: 1 threads saved
  PR #42690: no human review threads, skipping
  PR #42686: no human review threads, skipping
  PR #42684: 1 threads saved
  PR #42675: 1 threads saved
  PR #42676: no human review threads, skipping
  PR #42682: 1 threads saved
  PR #42687: no human review threads, skipping
  PR #42677: no human review threads, skipping
  PR #42669: 1 threads saved
  PR #42674: no human review threads, skipping
  PR #42683: 1 threads saved
  PR #42672: no human review threads, skipping
  PR #42670: no human review threads, skipping
  PR #42668: no human review threads, skipping
  PR #42667: no human review threads, skipping
  PR #42658: 17 threads saved
  PR #42637: 5 threads saved
  PR #42655: 1 threads saved
  PR #42657: 1 threads saved
  PR #42662: no human review threads, skipping
  PR #42663: no human review threads, skipping
  PR #42661: no human review threads, skipping
  PR #42659: 1 threads saved
  PR #42654: no human review threads, skipping
  PR #42636: 7 threads saved
  PR #42530: 6 threads saved
  PR #42653: no human review threads, skipping
  PR #42587: 6 threads saved
  PR #42650: no human review threads, skipping
  PR #42260: 5 threads saved
  PR #41320: no human review threads, skipping
  PR #42656: no human review threads, skipping
  PR #42649: 1 threads saved
  PR #42464: 5 threads saved
  PR #42643: no human review threads, skipping
  PR #42590: no human review threads, skipping
  PR #42617: 14 threads saved
  PR #42567: 1 threads saved
  PR #42630: 5 threads saved
  PR #42647: no human review threads, skipping
  PR #42642: 2 threads saved
  PR #42648: no human review threads, skipping
  PR #42645: no human review threads, skipping
  PR #42634: 2 threads saved
  PR #42640: no human review threads, skipping
  PR #42639: no human review threads, skipping
  PR #42638: no human review threads, skipping
  PR #41989: 13 threads saved
  PR #42632: 3 threads saved
  PR #42605: 13 threads saved
  PR #42633: no human review threads, skipping
  PR #42624: no human review threads, skipping
  PR #42627: 2 threads saved
  PR #42619: no human review threads, skipping
  PR #42628: no human review threads, skipping
  PR #42626: no human review threads, skipping
  PR #42625: no human review threads, skipping
  PR #42618: 1 threads saved
  PR #42621: no human review threads, skipping
  PR #42594: 2 threads saved
  PR #42623: no human review threads, skipping
  PR #42586: 4 threads saved
  PR #42622: no human review threads, skipping
  PR #42610: no human review threads, skipping
  PR #42580: 1 threads saved
  PR #42600: no human review threads, skipping
  PR #42564: no human review threads, skipping
  PR #42597: 2 threads saved
  PR #41837: 3 threads saved
  PR #42612: 2 threads saved
  PR #42583: 6 threads saved
  PR #42606: 1 threads saved
  PR #42496: no human review threads, skipping
  PR #42614: no human review threads, skipping
  PR #42616: 1 threads saved
  PR #42574: no human review threads, skipping
  PR #42541: no human review threads, skipping
  PR #42611: no human review threads, skipping
  PR #42601: 1 threads saved
  PR #42615: no human review threads, skipping
  PR #42585: 6 threads saved
  PR #42557: no human review threads, skipping
  PR #42595: no human review threads, skipping
  PR #42607: no human review threads, skipping
  PR #42604: 2 threads saved
  PR #42591: 1 threads saved
  PR #42598: 3 threads saved
  PR #42608: no human review threads, skipping
  PR #42592: no human review threads, skipping
  PR #42603: 1 threads saved
  PR #42599: no human review threads, skipping
  PR #42579: no human review threads, skipping
  PR #41971: no human review threads, skipping
  PR #42568: 12 threads saved
  PR #42581: 6 threads saved
  PR #42589: no human review threads, skipping
  PR #42575: 1 threads saved
  PR #42588: no human review threads, skipping
  PR #42534: 12 threads saved
  PR #42584: 1 threads saved
  PR #42582: 1 threads saved
  PR #42545: 2 threads saved
  PR #42578: no human review threads, skipping
  PR #42529: 1 threads saved
  PR #42576: no human review threads, skipping
  PR #42554: 1 threads saved
  PR #42509: 4 threads saved
  PR #42573: no human review threads, skipping
  PR #42553: 2 threads saved
  PR #42444: no human review threads, skipping
  PR #42559: 8 threads saved
  PR #42572: no human review threads, skipping
  PR #42570: no human review threads, skipping
  PR #42563: 1 threads saved
  PR #42535: 8 threads saved
  PR #42571: no human review threads, skipping
  PR #42562: no human review threads, skipping
  PR #42566: no human review threads, skipping
  PR #42569: no human review threads, skipping
  PR #42521: 9 threads saved
  PR #42513: no human review threads, skipping
  PR #42215: 19 threads saved
  PR #41302: 7 threads saved
  PR #42547: no human review threads, skipping
  PR #42556: no human review threads, skipping
  PR #42516: 3 threads saved
  PR #42478: no human review threads, skipping
  PR #42560: no human review threads, skipping
  PR #42549: no human review threads, skipping
  PR #42493: 3 threads saved
  PR #42555: no human review threads, skipping
  PR #42561: no human review threads, skipping
  PR #42558: no human review threads, skipping
  PR #42548: no human review threads, skipping
  PR #42538: no human review threads, skipping
  PR #42546: no human review threads, skipping
  PR #42550: no human review threads, skipping
  PR #42552: no human review threads, skipping
  PR #42525: no human review threads, skipping
  PR #42543: no human review threads, skipping
  PR #42539: no human review threads, skipping
  PR #42389: 21 threads saved
  PR #42456: no human review threads, skipping
  PR #42532: no human review threads, skipping
  PR #42522: no human review threads, skipping
  PR #42527: 3 threads saved
  PR #42462: 5 threads saved
  PR #42540: no human review threads, skipping
  PR #42500: 29 threads saved
  PR #42537: no human review threads, skipping
  PR #42536: 1 threads saved
  PR #42533: no human review threads, skipping
  PR #42531: no human review threads, skipping
  PR #42436: 4 threads saved
  PR #42524: 3 threads saved
  PR #42514: 1 threads saved
  PR #42519: 4 threads saved
  PR #42505: 6 threads saved
  PR #42508: no human review threads, skipping
  PR #42518: no human review threads, skipping
  PR #42457: 2 threads saved
  PR #42499: 4 threads saved
  PR #42271: 6 threads saved
  PR #42511: 4 threads saved
  PR #42455: no human review threads, skipping
  PR #42520: no human review threads, skipping
  PR #42517: no human review threads, skipping
  PR #42506: no human review threads, skipping
  PR #42480: no human review threads, skipping
  PR #42474: no human review threads, skipping
  PR #42507: 2 threads saved
  PR #42515: no human review threads, skipping
  PR #42439: 4 threads saved
  PR #42501: 3 threads saved
  PR #42512: no human review threads, skipping
  PR #42433: no human review threads, skipping
  PR #42471: no human review threads, skipping
  PR #42476: 1 threads saved
  PR #42351: 4 threads saved
  PR #42452: 1 threads saved
  PR #42495: no human review threads, skipping
  PR #42503: no human review threads, skipping
  PR #42504: 1 threads saved
  PR #42502: no human review threads, skipping
  PR #42490: no human review threads, skipping
  PR #42487: no human review threads, skipping
  PR #42497: 1 threads saved
  PR #42484: no human review threads, skipping
  PR #42498: no human review threads, skipping
  PR #42481: no human review threads, skipping
  PR #42426: 1 threads saved
  PR #42475: no human review threads, skipping
  PR #42491: no human review threads, skipping
  PR #42416: 1 threads saved
  PR #42470: no human review threads, skipping
  PR #42446: 1 threads saved
  PR #42492: no human review threads, skipping
  PR #42485: no human review threads, skipping
  PR #42488: no human review threads, skipping
  PR #42489: no human review threads, skipping
  PR #42482: 1 threads saved
  PR #42459: no human review threads, skipping
  PR #42473: no human review threads, skipping
  PR #42486: no human review threads, skipping
  PR #42483: 1 threads saved
  PR #42468: no human review threads, skipping
  PR #42479: 1 threads saved
  PR #41797: 13 threads saved
  PR #42477: no human review threads, skipping
  PR #42467: no human review threads, skipping
  PR #42466: no human review threads, skipping
  PR #42269: 5 threads saved
  PR #42323: 2 threads saved
  PR #42465: 6 threads saved
  PR #42460: no human review threads, skipping
  PR #42463: 1 threads saved
  PR #42451: no human review threads, skipping
  PR #42442: no human review threads, skipping
  PR #42423: no human review threads, skipping
  PR #42458: 3 threads saved
  PR #42443: no human review threads, skipping
  PR #42461: 1 threads saved
  PR #42440: no human review threads, skipping
  PR #42445: no human review threads, skipping
  PR #42449: no human review threads, skipping
  PR #42453: no human review threads, skipping
  PR #42437: no human review threads, skipping
  PR #42318: no human review threads, skipping
  PR #42450: 2 threads saved
  PR #42428: no human review threads, skipping
  PR #42441: no human review threads, skipping
  PR #42424: 2 threads saved
  PR #42374: no human review threads, skipping
  PR #42415: no human review threads, skipping
  PR #41866: 1 threads saved
  PR #42434: no human review threads, skipping
  PR #42338: 2 threads saved
  PR #42429: no human review threads, skipping
  PR #42413: 2 threads saved
  PR #42438: no human review threads, skipping
  PR #42420: 1 threads saved
State saved to state.json

Done. Fetched 127 PRs to raw-reviews/
